<?xml version="1.0" encoding="UTF-8"?>
<!-- Generated by org.testng.reporters.JUnitXMLReporter -->
<testsuite hostname="jlast-5659" ignored="4" name="Test iOS" tests="4" failures="1" timestamp="2022-04-23T21:17:18 MDT" time="65.045" errors="0">
  <testcase name="slidingMenu" time="27.617" classname="com.qa.tests.SlidingMenuTests"/>
  <testcase name="iOSDashboardTests" time="11.321" classname="com.qa.tests.IOSDashboardTests"/>
  <testcase name="IOSSettingFailTest" time="3.687" classname="com.qa.tests.IOSSettingsTests">
    <failure type="java.lang.AssertionError" message="expected [error] but found [Only show &amp;quot;Bitcoin&amp;quot; coins]">
      <![CDATA[java.lang.AssertionError: expected [error] but found [Only show "Bitcoin" coins]
at com.qa.BaseTest.verifyText(BaseTest.java:124)
at com.qa.tests.IOSSettingsTests.IOSSettingFailTest(IOSSettingsTests.java:74)
at java.util.ArrayList.forEach(ArrayList.java:1259)
... Removed 37 stack frames]]>
    </failure>
  </testcase> <!-- IOSSettingFailTest -->
  <testcase name="iOSSettingsTest" time="12.049" classname="com.qa.tests.IOSSettingsTests"/>
  <testcase name="@AfterTest afterTest" time="0.0" classname="com.qa.BaseTest">
    <ignored/>
  </testcase> <!-- @AfterTest afterTest -->
  <testcase name="@AfterTest afterTest" time="0.0" classname="com.qa.BaseTest">
    <ignored/>
  </testcase> <!-- @AfterTest afterTest -->
  <testcase name="@BeforeTest beforeTest" time="0.0" classname="com.qa.BaseTest">
    <ignored/>
  </testcase> <!-- @BeforeTest beforeTest -->
  <testcase name="@BeforeTest beforeTest" time="0.0" classname="com.qa.BaseTest">
    <ignored/>
  </testcase> <!-- @BeforeTest beforeTest -->
</testsuite> <!-- Test iOS -->
