<?xml version="1.0" encoding="UTF-8"?>
<testsuite xmlns:xsi="http://www.w3.org/2001/XMLSchema-instance" xsi:noNamespaceSchemaLocation="https://maven.apache.org/surefire/maven-surefire-plugin/xsd/surefire-test-report-3.0.xsd" version="3.0" name="TestSuite" time="66.513" tests="4" errors="0" skipped="0" failures="1">
  <properties>
[...]
</properties>
  <testcase name="slidingMenu" classname="com.qa.tests.SlidingMenuTests" time="27.597">
    <system-out><![CDATA[2022-04-23-21-16-13
/Users/jessica/Documents/workspace/TestK/target/test-classes/app/AwesomeApp.app

********* Starting test:slidingMenu*********

I am in onTestStart method slidingMenu start
Swiped to open menu.
Verify Side Menu Title:
Actual text: Side menu - Expected text: Side menu
Verify Side Menu Body Text:
Actual text: Legend says that if you click on the button below, you may get the answer to the Ultimate Question of Life, the Universe, and Everything... - Expected text: Legend says that if you click on the button below, you may get the answer to the Ultimate Question of Life, the Universe, and Everything...
Clicked button: Located by By.chained({By.AccessibilityId: Get the ultimate answer})
Verify Pop up has appeared:
Actual text: 42 - Expected text: 42
Clicked button: Located by By.chained({By.AccessibilityId: OK})
Swiped to close menu.
The side menu has been dismissed and is not visible.
I am in onTestSuccess method slidingMenu succeed
]]></system-out>
    <system-err><![CDATA[SLF4J: Failed to load class "org.slf4j.impl.StaticLoggerBinder".
SLF4J: Defaulting to no-operation (NOP) logger implementation
SLF4J: See http://www.slf4j.org/codes.html#StaticLoggerBinder for further details.
Apr 23, 2022 9:16:21 PM io.appium.java_client.remote.AppiumCommandExecutor$1 lambda$0
INFO: Detected dialect: W3C
]]></system-err>
  </testcase>
  <testcase name="iOSDashboardTests" classname="com.qa.tests.IOSDashboardTests" time="11.298">
    <system-out><![CDATA[
********* Starting test:iOSDashboardTests*********

I am in onTestStart method iOSDashboardTests start
Clicked button: Located by By.chained({By.AccessibilityId: Dashboard tab})
Verify Bitcoin label:
Actual text: dashboard-title - Expected text: dashboard-title
Verify Bitcoin label:
Actual text: Coin-btc - Expected text: Coin-btc
I am in onTestSuccess method iOSDashboardTests succeed
]]></system-out>
  </testcase>
  <testcase name="IOSSettingFailTest" classname="com.qa.tests.IOSSettingsTests" time="4.384">
    <failure message="expected [error] but found [Only show &quot;Bitcoin&quot; coins]" type="java.lang.AssertionError"><![CDATA[java.lang.AssertionError: expected [error] but found [Only show "Bitcoin" coins]
	at org.testng.Assert.fail(Assert.java:99)
	at org.testng.Assert.failNotEquals(Assert.java:1037)
	at org.testng.Assert.assertEqualsImpl(Assert.java:140)
	at org.testng.Assert.assertEquals(Assert.java:122)
	at org.testng.Assert.assertEquals(Assert.java:629)
	at org.testng.Assert.assertEquals(Assert.java:639)
	at com.qa.BaseTest.verifyText(BaseTest.java:124)
	at com.qa.tests.IOSSettingsTests.IOSSettingFailTest(IOSSettingsTests.java:74)
	at sun.reflect.NativeMethodAccessorImpl.invoke0(Native Method)
	at sun.reflect.NativeMethodAccessorImpl.invoke(NativeMethodAccessorImpl.java:62)
	at sun.reflect.DelegatingMethodAccessorImpl.invoke(DelegatingMethodAccessorImpl.java:43)
	at java.lang.reflect.Method.invoke(Method.java:498)
	at org.testng.internal.MethodInvocationHelper.invokeMethod(MethodInvocationHelper.java:133)
	at org.testng.internal.TestInvoker.invokeMethod(TestInvoker.java:598)
	at org.testng.internal.TestInvoker.invokeTestMethod(TestInvoker.java:173)
	at org.testng.internal.MethodRunner.runInSequence(MethodRunner.java:46)
	at org.testng.internal.TestInvoker$MethodInvocationAgent.invoke(TestInvoker.java:824)
	at org.testng.internal.TestInvoker.invokeTestMethods(TestInvoker.java:146)
	at org.testng.internal.TestMethodWorker.invokeTestMethods(TestMethodWorker.java:146)
	at org.testng.internal.TestMethodWorker.run(TestMethodWorker.java:128)
	at java.util.ArrayList.forEach(ArrayList.java:1259)
	at org.testng.TestRunner.privateRun(TestRunner.java:794)
	at org.testng.TestRunner.run(TestRunner.java:596)
	at org.testng.SuiteRunner.runTest(SuiteRunner.java:377)
	at org.testng.SuiteRunner.runSequentially(SuiteRunner.java:371)
	at org.testng.SuiteRunner.privateRun(SuiteRunner.java:332)
	at org.testng.SuiteRunner.run(SuiteRunner.java:276)
	at org.testng.SuiteRunnerWorker.runSuite(SuiteRunnerWorker.java:53)
	at org.testng.SuiteRunnerWorker.run(SuiteRunnerWorker.java:96)
	at org.testng.TestNG.runSuitesSequentially(TestNG.java:1212)
	at org.testng.TestNG.runSuitesLocally(TestNG.java:1134)
	at org.testng.TestNG.runSuites(TestNG.java:1063)
	at org.testng.TestNG.run(TestNG.java:1031)
	at org.apache.maven.surefire.testng.TestNGExecutor.run(TestNGExecutor.java:324)
	at org.apache.maven.surefire.testng.TestNGXmlTestSuite.execute(TestNGXmlTestSuite.java:74)
	at org.apache.maven.surefire.testng.TestNGProvider.invoke(TestNGProvider.java:123)
	at org.apache.maven.surefire.booter.ForkedBooter.runSuitesInProcess(ForkedBooter.java:456)
	at org.apache.maven.surefire.booter.ForkedBooter.execute(ForkedBooter.java:169)
	at org.apache.maven.surefire.booter.ForkedBooter.run(ForkedBooter.java:595)
	at org.apache.maven.surefire.booter.ForkedBooter.main(ForkedBooter.java:581)
]]></failure>
    <system-out><![CDATA[
********* Starting test:IOSSettingFailTest*********

I am in onTestStart method IOSSettingFailTest start
Clicked button: Located by By.chained({By.AccessibilityId: Settings tab})
Verify Only Bitcoin text:
I am in onTestFailure method IOSSettingFailTest failed
Screenshot captured for test case:IOSSettingFailTest
]]></system-out>
  </testcase>
  <testcase name="iOSSettingsTest" classname="com.qa.tests.IOSSettingsTests" time="12.047">
    <system-out><![CDATA[
********* Starting test:iOSSettingsTest*********

I am in onTestStart method iOSSettingsTest start
Clicked button: Located by By.chained({By.AccessibilityId: Settings tab})
Verify Page Title:
Actual text: settings-title - Expected text: settings-title
Verify Only Bitcoin text:
Actual text: Only show "Bitcoin" coins - Expected text: Only show "Bitcoin" coins
Verify Only winners text:
Actual text: Only show winners - Expected text: Only show winners
Verify Only losers text:
Actual text: Only show losers - Expected text: Only show losers
I am in onTestSuccess method iOSSettingsTest succeed
]]></system-out>
  </testcase>
</testsuite>